2005.10.03 18:43 B D:\[praticaweb]\web\wrapdb\msaccess.php --> ftp.praticaweb.it /web/wrapdb msaccess.php
2005.10.03 18:43 B D:\[praticaweb]\web\wrapdb\mssql-odbc.php --> ftp.praticaweb.it /web/wrapdb mssql-odbc.php
2005.10.03 18:43 B D:\[praticaweb]\web\wrapdb\mssql.php --> ftp.praticaweb.it /web/wrapdb mssql.php
2005.10.03 18:43 B D:\[praticaweb]\web\wrapdb\mysql.php --> ftp.praticaweb.it /web/wrapdb mysql.php
2005.10.03 18:43 B D:\[praticaweb]\web\wrapdb\mysql4.php --> ftp.praticaweb.it /web/wrapdb mysql4.php
2005.10.03 18:43 B D:\[praticaweb]\web\wrapdb\oracle.php --> ftp.praticaweb.it /web/wrapdb oracle.php
2005.10.03 18:43 B D:\[praticaweb]\web\wrapdb\postgres.php --> ftp.praticaweb.it /web/wrapdb postgres.php
2005.10.06 16:42 B C:\temp\web\wrapdb\msaccess.php --> ftp.praticaweb.it /web/wrapdb msaccess.php
2005.10.06 16:42 B C:\temp\web\wrapdb\mssql-odbc.php --> ftp.praticaweb.it /web/wrapdb mssql-odbc.php
2005.10.06 16:42 B C:\temp\web\wrapdb\mssql.php --> ftp.praticaweb.it /web/wrapdb mssql.php
2005.10.06 16:42 B C:\temp\web\wrapdb\mysql.php --> ftp.praticaweb.it /web/wrapdb mysql.php
2005.10.06 16:42 B C:\temp\web\wrapdb\mysql4.php --> ftp.praticaweb.it /web/wrapdb mysql4.php
2005.10.06 16:42 B C:\temp\web\wrapdb\oracle.php --> ftp.praticaweb.it /web/wrapdb oracle.php
2005.10.06 16:42 B C:\temp\web\wrapdb\postgres.php --> ftp.praticaweb.it /web/wrapdb postgres.php
2005.10.10 09:24 B D:\[praticaweb]\web\wrapdb\msaccess.php --> ftp.praticaweb.it /web/wrapdb msaccess.php
2005.10.10 09:24 B D:\[praticaweb]\web\wrapdb\mssql-odbc.php --> ftp.praticaweb.it /web/wrapdb mssql-odbc.php
2005.10.10 09:24 B D:\[praticaweb]\web\wrapdb\mssql.php --> ftp.praticaweb.it /web/wrapdb mssql.php
2005.10.10 09:24 B D:\[praticaweb]\web\wrapdb\mysql.php --> ftp.praticaweb.it /web/wrapdb mysql.php
2005.10.10 09:24 B D:\[praticaweb]\web\wrapdb\mysql4.php --> ftp.praticaweb.it /web/wrapdb mysql4.php
2005.10.10 09:24 B D:\[praticaweb]\web\wrapdb\oracle.php --> ftp.praticaweb.it /web/wrapdb oracle.php
2005.10.10 09:24 B D:\[praticaweb]\web\wrapdb\postgres.php --> ftp.praticaweb.it /web/wrapdb postgres.php
