2005.10.03 18:42 B D:\[praticaweb]\web\lib\calcolacf.php --> ftp.praticaweb.it /web/lib calcolacf.php
2005.10.03 18:42 B D:\[praticaweb]\web\lib\calcolacodicefiscale.php --> ftp.praticaweb.it /web/lib calcolacodicefiscale.php
2005.10.03 18:42 B D:\[praticaweb]\web\lib\carica_foto.php --> ftp.praticaweb.it /web/lib carica_foto.php
2005.10.03 18:42 B D:\[praticaweb]\web\lib\date_format.php --> ftp.praticaweb.it /web/lib date_format.php
2005.10.03 18:42 B D:\[praticaweb]\web\lib\menu.class.php --> ftp.praticaweb.it /web/lib menu.class.php
2005.10.03 18:42 B D:\[praticaweb]\web\lib\tabella.class.php --> ftp.praticaweb.it /web/lib tabella.class.php
2005.10.03 18:42 B D:\[praticaweb]\web\lib\tabella_h.class.php --> ftp.praticaweb.it /web/lib tabella_h.class.php
2005.10.03 18:42 B D:\[praticaweb]\web\lib\tabella_v.class.php --> ftp.praticaweb.it /web/lib tabella_v.class.php
2005.10.03 18:42 B D:\[praticaweb]\web\lib\upload.php --> ftp.praticaweb.it /web/lib upload.php
2005.10.06 16:41 B C:\temp\web\lib\carica_foto.php --> ftp.praticaweb.it /web/lib carica_foto.php
2005.10.06 16:41 B C:\temp\web\lib\date_format.php --> ftp.praticaweb.it /web/lib date_format.php
2005.10.06 16:41 B C:\temp\web\lib\menu.class.php --> ftp.praticaweb.it /web/lib menu.class.php
2005.10.06 16:41 B C:\temp\web\lib\tabella.class.php --> ftp.praticaweb.it /web/lib tabella.class.php
2005.10.06 16:41 B C:\temp\web\lib\tabella_h.class.php --> ftp.praticaweb.it /web/lib tabella_h.class.php
2005.10.06 16:41 B C:\temp\web\lib\tabella_v.class.php --> ftp.praticaweb.it /web/lib tabella_v.class.php
2005.10.06 16:42 B C:\temp\web\lib\upload.php --> ftp.praticaweb.it /web/lib upload.php
2005.10.10 09:24 B D:\[praticaweb]\web\lib\carica_foto.php --> ftp.praticaweb.it /web/lib carica_foto.php
2005.10.10 09:24 B D:\[praticaweb]\web\lib\date_format.php --> ftp.praticaweb.it /web/lib date_format.php
2005.10.10 09:24 B D:\[praticaweb]\web\lib\menu.class.php --> ftp.praticaweb.it /web/lib menu.class.php
2005.10.10 09:24 B D:\[praticaweb]\web\lib\tabella.class.php --> ftp.praticaweb.it /web/lib tabella.class.php
2005.10.10 09:24 B D:\[praticaweb]\web\lib\tabella_h.class.php --> ftp.praticaweb.it /web/lib tabella_h.class.php
2005.10.10 09:24 B D:\[praticaweb]\web\lib\tabella_v.class.php --> ftp.praticaweb.it /web/lib tabella_v.class.php
2005.10.10 09:24 B D:\[praticaweb]\web\lib\upload.php --> ftp.praticaweb.it /web/lib upload.php
