2005.10.03 18:43 B D:\[praticaweb]\web\src\Copia di styles.css --> ftp.praticaweb.it /web/src Copia di styles.css
2005.10.03 18:43 B D:\[praticaweb]\web\src\iframe.js --> ftp.praticaweb.it /web/src iframe.js
2005.10.03 18:43 B D:\[praticaweb]\web\src\menu_data.js --> ftp.praticaweb.it /web/src menu_data.js
2005.10.03 18:43 B D:\[praticaweb]\web\src\milonic_src.js --> ftp.praticaweb.it /web/src milonic_src.js
2005.10.03 18:43 B D:\[praticaweb]\web\src\new_validazione.js --> ftp.praticaweb.it /web/src new_validazione.js
2005.10.03 18:43 B D:\[praticaweb]\web\src\oneri.js --> ftp.praticaweb.it /web/src oneri.js
2005.10.03 18:43 B D:\[praticaweb]\web\src\onericonfig.js --> ftp.praticaweb.it /web/src onericonfig.js
2005.10.03 18:43 B D:\[praticaweb]\web\src\styles.css --> ftp.praticaweb.it /web/src styles.css
2005.10.03 18:43 B D:\[praticaweb]\web\src\styles_print.css --> ftp.praticaweb.it /web/src styles_print.css
2005.10.03 18:43 B D:\[praticaweb]\web\src\validazione.js --> ftp.praticaweb.it /web/src validazione.js
2005.10.03 18:43 B D:\[praticaweb]\web\src\window.js --> ftp.praticaweb.it /web/src window.js
2005.10.06 16:42 B C:\temp\web\src\Copia di styles.css --> ftp.praticaweb.it /web/src Copia di styles.css
2005.10.06 16:42 B C:\temp\web\src\iframe.js --> ftp.praticaweb.it /web/src iframe.js
2005.10.06 16:42 B C:\temp\web\src\menu_data.js --> ftp.praticaweb.it /web/src menu_data.js
2005.10.06 16:42 B C:\temp\web\src\milonic_src.js --> ftp.praticaweb.it /web/src milonic_src.js
2005.10.06 16:42 B C:\temp\web\src\new_validazione.js --> ftp.praticaweb.it /web/src new_validazione.js
2005.10.06 16:42 B C:\temp\web\src\oneri.js --> ftp.praticaweb.it /web/src oneri.js
2005.10.06 16:42 B C:\temp\web\src\onericonfig.js --> ftp.praticaweb.it /web/src onericonfig.js
2005.10.06 16:42 B C:\temp\web\src\styles.css --> ftp.praticaweb.it /web/src styles.css
2005.10.06 16:42 B C:\temp\web\src\styles_print.css --> ftp.praticaweb.it /web/src styles_print.css
2005.10.06 16:42 B C:\temp\web\src\validazione.js --> ftp.praticaweb.it /web/src validazione.js
2005.10.06 16:42 B C:\temp\web\src\window.js --> ftp.praticaweb.it /web/src window.js
2005.10.10 09:24 B D:\[praticaweb]\web\src\Copia di styles.css --> ftp.praticaweb.it /web/src Copia di styles.css
2005.10.10 09:24 B D:\[praticaweb]\web\src\iframe.js --> ftp.praticaweb.it /web/src iframe.js
2005.10.10 09:24 B D:\[praticaweb]\web\src\menu_data.js --> ftp.praticaweb.it /web/src menu_data.js
2005.10.10 09:24 B D:\[praticaweb]\web\src\milonic_src.js --> ftp.praticaweb.it /web/src milonic_src.js
2005.10.10 09:24 B D:\[praticaweb]\web\src\new_validazione.js --> ftp.praticaweb.it /web/src new_validazione.js
2005.10.10 09:24 B D:\[praticaweb]\web\src\oneri.js --> ftp.praticaweb.it /web/src oneri.js
2005.10.10 09:24 B D:\[praticaweb]\web\src\onericonfig.js --> ftp.praticaweb.it /web/src onericonfig.js
2005.10.10 09:24 B D:\[praticaweb]\web\src\styles.css --> ftp.praticaweb.it /web/src styles.css
2005.10.10 09:24 B D:\[praticaweb]\web\src\styles_print.css --> ftp.praticaweb.it /web/src styles_print.css
2005.10.10 09:24 B D:\[praticaweb]\web\src\validazione.js --> ftp.praticaweb.it /web/src validazione.js
2005.10.10 09:24 B D:\[praticaweb]\web\src\window.js --> ftp.praticaweb.it /web/src window.js
